<?xml version="1.0" encoding="UTF-8"?>
<testng-results ignored="3" total="22" passed="17" failed="2" skipped="0">
  <reporter-output>
  </reporter-output>
  <suite started-at="2023-06-29T13:16:27 IST" name="Default suite" finished-at="2023-06-29T13:17:47 IST" duration-ms="80272">
    <groups>
    </groups>
    <test started-at="2023-06-29T13:16:27 IST" name="Default test" finished-at="2023-06-29T13:17:47 IST" duration-ms="80272">
      <class name="TVT.TVT.Title">
        <test-method signature="login()[pri:0, instance:TVT.TVT.Title@12d4bf7e]" started-at="2023-06-29T13:16:27 IST" name="login" finished-at="2023-06-29T13:17:17 IST" duration-ms="50246" status="PASS">
          <reporter-output>
          </reporter-output>
        </test-method> <!-- login -->
        <test-method signature="CreateProject()[pri:1, instance:TVT.TVT.Title@12d4bf7e]" started-at="2023-06-29T13:17:18 IST" name="CreateProject" finished-at="2023-06-29T13:17:21 IST" duration-ms="3220" status="PASS">
          <reporter-output>
          </reporter-output>
        </test-method> <!-- CreateProject -->
        <test-method signature="OriginalUpload()[pri:2, instance:TVT.TVT.Title@12d4bf7e]" started-at="2023-06-29T13:17:21 IST" name="OriginalUpload" finished-at="2023-06-29T13:17:21 IST" duration-ms="444" status="PASS">
          <reporter-output>
          </reporter-output>
        </test-method> <!-- OriginalUpload -->
        <test-method signature="CopyUpload()[pri:3, instance:TVT.TVT.Title@12d4bf7e]" started-at="2023-06-29T13:17:21 IST" name="CopyUpload" finished-at="2023-06-29T13:17:22 IST" duration-ms="91" status="PASS">
          <reporter-output>
          </reporter-output>
        </test-method> <!-- CopyUpload -->
        <test-method signature="cartonsClicked()[pri:4, instance:TVT.TVT.Title@12d4bf7e]" started-at="2023-06-29T13:17:22 IST" name="cartonsClicked" finished-at="2023-06-29T13:17:24 IST" duration-ms="2978" status="PASS">
          <reporter-output>
          </reporter-output>
        </test-method> <!-- cartonsClicked -->
        <test-method signature="cartonswithclonesClicked()[pri:4, instance:TVT.TVT.Title@12d4bf7e]" started-at="2023-06-29T13:17:24 IST" name="cartonswithclonesClicked" finished-at="2023-06-29T13:17:25 IST" duration-ms="397" status="PASS">
          <reporter-output>
          </reporter-output>
        </test-method> <!-- cartonswithclonesClicked -->
        <test-method signature="cartonsqrdhuman()[pri:5, instance:TVT.TVT.Title@12d4bf7e]" started-at="2023-06-29T13:17:25 IST" name="cartonsqrdhuman" finished-at="2023-06-29T13:17:25 IST" duration-ms="522" status="PASS">
          <reporter-output>
          </reporter-output>
        </test-method> <!-- cartonsqrdhuman -->
        <test-method signature="cartonsqrdveterinary()[pri:6, instance:TVT.TVT.Title@12d4bf7e]" started-at="2023-06-29T13:17:25 IST" name="cartonsqrdveterinary" finished-at="2023-06-29T13:17:26 IST" duration-ms="535" status="PASS">
          <reporter-output>
          </reporter-output>
        </test-method> <!-- cartonsqrdveterinary -->
        <test-method signature="Documents()[pri:7, instance:TVT.TVT.Title@12d4bf7e]" started-at="2023-06-29T13:17:26 IST" name="Documents" finished-at="2023-06-29T13:17:27 IST" duration-ms="570" status="PASS">
          <reporter-output>
          </reporter-output>
        </test-method> <!-- Documents -->
        <test-method signature="Documents_Complex_Languages()[pri:8, instance:TVT.TVT.Title@12d4bf7e]" started-at="2023-06-29T13:17:27 IST" name="Documents_Complex_Languages" finished-at="2023-06-29T13:17:27 IST" duration-ms="554" status="PASS">
          <reporter-output>
          </reporter-output>
        </test-method> <!-- Documents_Complex_Languages -->
        <test-method signature="Documents_without_hyphenation_check()[pri:9, instance:TVT.TVT.Title@12d4bf7e]" started-at="2023-06-29T13:17:27 IST" name="Documents_without_hyphenation_check" finished-at="2023-06-29T13:17:28 IST" duration-ms="569" status="PASS">
          <reporter-output>
          </reporter-output>
        </test-method> <!-- Documents_without_hyphenation_check -->
        <test-method signature="Leaflets_Complex_Languages()[pri:10, instance:TVT.TVT.Title@12d4bf7e]" started-at="2023-06-29T13:17:28 IST" name="Leaflets_Complex_Languages" finished-at="2023-06-29T13:17:28 IST" duration-ms="550" status="PASS">
          <reporter-output>
          </reporter-output>
        </test-method> <!-- Leaflets_Complex_Languages -->
        <test-method signature="Leaflets()[pri:11, instance:TVT.TVT.Title@12d4bf7e]" started-at="2023-06-29T13:17:28 IST" name="Leaflets" finished-at="2023-06-29T13:17:29 IST" duration-ms="591" status="PASS">
          <reporter-output>
          </reporter-output>
        </test-method> <!-- Leaflets -->
        <test-method signature="LeafletswithspecialPDFs()[pri:12, instance:TVT.TVT.Title@12d4bf7e]" started-at="2023-06-29T13:17:29 IST" name="LeafletswithspecialPDFs" finished-at="2023-06-29T13:17:30 IST" duration-ms="701" status="PASS">
          <reporter-output>
          </reporter-output>
        </test-method> <!-- LeafletswithspecialPDFs -->
        <test-method signature="addfile()[pri:14, instance:TVT.TVT.Title@12d4bf7e]" started-at="2023-06-29T13:17:30 IST" name="addfile" finished-at="2023-06-29T13:17:30 IST" duration-ms="506" status="PASS">
          <reporter-output>
          </reporter-output>
        </test-method> <!-- addfile -->
        <test-method signature="tick()[pri:16, instance:TVT.TVT.Title@12d4bf7e]" started-at="2023-06-29T13:17:30 IST" name="tick" finished-at="2023-06-29T13:17:33 IST" duration-ms="2565" status="PASS">
          <reporter-output>
          </reporter-output>
        </test-method> <!-- tick -->
        <test-method signature="compare()[pri:17, instance:TVT.TVT.Title@12d4bf7e]" started-at="2023-06-29T13:17:33 IST" name="compare" finished-at="2023-06-29T13:17:46 IST" duration-ms="13730" status="FAIL">
          <exception class="java.lang.AssertionError">
            <message>
              <![CDATA[The following asserts failed:
Words count have difference expected [102] but found [1156]]]>
            </message>
            <full-stacktrace>
              <![CDATA[java.lang.AssertionError: The following asserts failed:
Words count have difference expected [102] but found [1156]
at org.testng.asserts.SoftAssert.assertAll(SoftAssert.java:47)
at org.testng.asserts.SoftAssert.assertAll(SoftAssert.java:31)
at TVT.TVT.Title.compare(Title.java:391)
at java.base/jdk.internal.reflect.DirectMethodHandleAccessor.invoke(DirectMethodHandleAccessor.java:104)
at java.base/java.lang.reflect.Method.invoke(Method.java:578)
at org.testng.internal.MethodInvocationHelper.invokeMethod(MethodInvocationHelper.java:133)
at org.testng.internal.TestInvoker.invokeMethod(TestInvoker.java:598)
at org.testng.internal.TestInvoker.invokeTestMethod(TestInvoker.java:173)
at org.testng.internal.MethodRunner.runInSequence(MethodRunner.java:46)
at org.testng.internal.TestInvoker$MethodInvocationAgent.invoke(TestInvoker.java:824)
at org.testng.internal.TestInvoker.invokeTestMethods(TestInvoker.java:146)
at org.testng.internal.TestMethodWorker.invokeTestMethods(TestMethodWorker.java:146)
at org.testng.internal.TestMethodWorker.run(TestMethodWorker.java:128)
at java.base/java.util.ArrayList.forEach(ArrayList.java:1511)
at org.testng.TestRunner.privateRun(TestRunner.java:794)
at org.testng.TestRunner.run(TestRunner.java:596)
at org.testng.SuiteRunner.runTest(SuiteRunner.java:377)
at org.testng.SuiteRunner.runSequentially(SuiteRunner.java:371)
at org.testng.SuiteRunner.privateRun(SuiteRunner.java:332)
at org.testng.SuiteRunner.run(SuiteRunner.java:276)
at org.testng.SuiteRunnerWorker.runSuite(SuiteRunnerWorker.java:53)
at org.testng.SuiteRunnerWorker.run(SuiteRunnerWorker.java:96)
at org.testng.TestNG.runSuitesSequentially(TestNG.java:1212)
at org.testng.TestNG.runSuitesLocally(TestNG.java:1134)
at org.testng.TestNG.runSuites(TestNG.java:1063)
at org.testng.TestNG.run(TestNG.java:1031)
at org.testng.remote.AbstractRemoteTestNG.run(AbstractRemoteTestNG.java:115)
at org.testng.remote.RemoteTestNG.initAndRun(RemoteTestNG.java:251)
at org.testng.remote.RemoteTestNG.main(RemoteTestNG.java:77)
]]>
            </full-stacktrace>
          </exception> <!-- java.lang.AssertionError -->
          <reporter-output>
          </reporter-output>
        </test-method> <!-- compare -->
        <test-method signature="check()[pri:18, instance:TVT.TVT.Title@12d4bf7e]" started-at="2023-06-29T13:17:46 IST" name="check" finished-at="2023-06-29T13:17:47 IST" duration-ms="224" status="PASS">
          <reporter-output>
          </reporter-output>
        </test-method> <!-- check -->
        <test-method signature="Compare_Results()[pri:19, instance:TVT.TVT.Title@12d4bf7e]" started-at="2023-06-29T13:17:47 IST" name="Compare_Results" finished-at="2023-06-29T13:17:47 IST" duration-ms="383" status="FAIL">
          <exception class="java.lang.AssertionError">
            <message>
              <![CDATA[The following asserts failed:
Deviation found expected [Text deviation: 0] but found [Text deviation: 10]]]>
            </message>
            <full-stacktrace>
              <![CDATA[java.lang.AssertionError: The following asserts failed:
Deviation found expected [Text deviation: 0] but found [Text deviation: 10]
at org.testng.asserts.SoftAssert.assertAll(SoftAssert.java:47)
at org.testng.asserts.SoftAssert.assertAll(SoftAssert.java:31)
at TVT.TVT.Title.Compare_Results(Title.java:482)
at java.base/jdk.internal.reflect.DirectMethodHandleAccessor.invoke(DirectMethodHandleAccessor.java:104)
at java.base/java.lang.reflect.Method.invoke(Method.java:578)
at org.testng.internal.MethodInvocationHelper.invokeMethod(MethodInvocationHelper.java:133)
at org.testng.internal.TestInvoker.invokeMethod(TestInvoker.java:598)
at org.testng.internal.TestInvoker.invokeTestMethod(TestInvoker.java:173)
at org.testng.internal.MethodRunner.runInSequence(MethodRunner.java:46)
at org.testng.internal.TestInvoker$MethodInvocationAgent.invoke(TestInvoker.java:824)
at org.testng.internal.TestInvoker.invokeTestMethods(TestInvoker.java:146)
at org.testng.internal.TestMethodWorker.invokeTestMethods(TestMethodWorker.java:146)
at org.testng.internal.TestMethodWorker.run(TestMethodWorker.java:128)
at java.base/java.util.ArrayList.forEach(ArrayList.java:1511)
at org.testng.TestRunner.privateRun(TestRunner.java:794)
at org.testng.TestRunner.run(TestRunner.java:596)
at org.testng.SuiteRunner.runTest(SuiteRunner.java:377)
at org.testng.SuiteRunner.runSequentially(SuiteRunner.java:371)
at org.testng.SuiteRunner.privateRun(SuiteRunner.java:332)
at org.testng.SuiteRunner.run(SuiteRunner.java:276)
at org.testng.SuiteRunnerWorker.runSuite(SuiteRunnerWorker.java:53)
at org.testng.SuiteRunnerWorker.run(SuiteRunnerWorker.java:96)
at org.testng.TestNG.runSuitesSequentially(TestNG.java:1212)
at org.testng.TestNG.runSuitesLocally(TestNG.java:1134)
at org.testng.TestNG.runSuites(TestNG.java:1063)
at org.testng.TestNG.run(TestNG.java:1031)
at org.testng.remote.AbstractRemoteTestNG.run(AbstractRemoteTestNG.java:115)
at org.testng.remote.RemoteTestNG.initAndRun(RemoteTestNG.java:251)
at org.testng.remote.RemoteTestNG.main(RemoteTestNG.java:77)
]]>
            </full-stacktrace>
          </exception> <!-- java.lang.AssertionError -->
          <reporter-output>
          </reporter-output>
        </test-method> <!-- Compare_Results -->
      </class> <!-- TVT.TVT.Title -->
    </test> <!-- Default test -->
  </suite> <!-- Default suite -->
</testng-results>
